<?xml version="1.0" encoding="UTF-8"?>
<testng-results ignored="0" total="5" passed="5" failed="0" skipped="0">
  <reporter-output>
  </reporter-output>
  <suite started-at="2023-01-13T22:23:24 UTC" name="Surefire suite" finished-at="2023-01-13T22:23:26 UTC" duration-ms="1926">
    <groups>
    </groups>
    <test started-at="2023-01-13T22:23:24 UTC" name="Surefire test" finished-at="2023-01-13T22:23:26 UTC" duration-ms="1926">
      <class name="org.UITestingPlayground.tests.UiTestingPlaygroundTests">
        <test-method is-config="true" signature="initializeDriver()[pri:0, instance:org.UITestingPlayground.tests.UiTestingPlaygroundTests@4743a322]" started-at="2023-01-13T22:23:24 UTC" name="initializeDriver" finished-at="2023-01-13T22:23:24 UTC" duration-ms="20" status="PASS">
          <reporter-output>
          </reporter-output>
        </test-method> <!-- initializeDriver -->
        <test-method signature="dynamicIdPage()[pri:0, instance:org.UITestingPlayground.tests.UiTestingPlaygroundTests@4743a322]" started-at="2023-01-13T22:23:24 UTC" name="dynamicIdPage" finished-at="2023-01-13T22:23:24 UTC" duration-ms="654" status="PASS">
          <reporter-output>
          </reporter-output>
        </test-method> <!-- dynamicIdPage -->
        <test-method signature="dynamicTablePageTest()[pri:0, instance:org.UITestingPlayground.tests.UiTestingPlaygroundTests@4743a322]" started-at="2023-01-13T22:23:24 UTC" name="dynamicTablePageTest" finished-at="2023-01-13T22:23:25 UTC" duration-ms="542" status="PASS">
          <reporter-output>
          </reporter-output>
        </test-method> <!-- dynamicTablePageTest -->
        <test-method signature="overlappedElementPageTest()[pri:0, instance:org.UITestingPlayground.tests.UiTestingPlaygroundTests@4743a322]" started-at="2023-01-13T22:23:25 UTC" name="overlappedElementPageTest" finished-at="2023-01-13T22:23:25 UTC" duration-ms="276" status="PASS">
          <reporter-output>
          </reporter-output>
        </test-method> <!-- overlappedElementPageTest -->
        <test-method signature="sampleAppPageTest()[pri:0, instance:org.UITestingPlayground.tests.UiTestingPlaygroundTests@4743a322]" started-at="2023-01-13T22:23:25 UTC" name="sampleAppPageTest" finished-at="2023-01-13T22:23:26 UTC" duration-ms="338" status="PASS">
          <reporter-output>
          </reporter-output>
        </test-method> <!-- sampleAppPageTest -->
        <test-method signature="testmethod()[pri:0, instance:org.UITestingPlayground.tests.UiTestingPlaygroundTests@4743a322]" started-at="2023-01-13T22:23:26 UTC" name="testmethod" finished-at="2023-01-13T22:23:26 UTC" duration-ms="1" status="PASS">
          <reporter-output>
          </reporter-output>
        </test-method> <!-- testmethod -->
        <test-method is-config="true" signature="tearDown()[pri:0, instance:org.UITestingPlayground.tests.UiTestingPlaygroundTests@4743a322]" started-at="2023-01-13T22:23:26 UTC" name="tearDown" finished-at="2023-01-13T22:23:26 UTC" duration-ms="66" status="PASS">
          <reporter-output>
          </reporter-output>
        </test-method> <!-- tearDown -->
      </class> <!-- org.UITestingPlayground.tests.UiTestingPlaygroundTests -->
    </test> <!-- Surefire test -->
  </suite> <!-- Surefire suite -->
</testng-results>
