<?xml version="1.0" encoding="UTF-8"?>
<testng-results ignored="0" total="4" passed="4" failed="0" skipped="0">
  <reporter-output>
  </reporter-output>
  <suite started-at="2023-01-12T22:43:32 EET" name="Surefire suite" finished-at="2023-01-12T22:43:54 EET" duration-ms="22632">
    <groups>
    </groups>
    <test started-at="2023-01-12T22:43:32 EET" name="Surefire test" finished-at="2023-01-12T22:43:54 EET" duration-ms="22632">
      <class name="org.UITestingPlayground.tests.UiTestingPlaygroundTests">
        <test-method is-config="true" signature="initializeDriver()[pri:0, instance:org.UITestingPlayground.tests.UiTestingPlaygroundTests@736309a9]" started-at="2023-01-12T22:43:32 EET" name="initializeDriver" finished-at="2023-01-12T22:43:32 EET" duration-ms="35" status="PASS">
          <reporter-output>
          </reporter-output>
        </test-method> <!-- initializeDriver -->
        <test-method signature="dynamicIdPage()[pri:0, instance:org.UITestingPlayground.tests.UiTestingPlaygroundTests@736309a9]" started-at="2023-01-12T22:43:32 EET" name="dynamicIdPage" finished-at="2023-01-12T22:43:34 EET" duration-ms="2576" status="PASS">
          <reporter-output>
          </reporter-output>
        </test-method> <!-- dynamicIdPage -->
        <test-method signature="dynamicTablePageTest()[pri:0, instance:org.UITestingPlayground.tests.UiTestingPlaygroundTests@736309a9]" started-at="2023-01-12T22:43:34 EET" name="dynamicTablePageTest" finished-at="2023-01-12T22:43:36 EET" duration-ms="1355" status="PASS">
          <reporter-output>
          </reporter-output>
        </test-method> <!-- dynamicTablePageTest -->
        <test-method signature="overlappedElementPageTest()[pri:0, instance:org.UITestingPlayground.tests.UiTestingPlaygroundTests@736309a9]" started-at="2023-01-12T22:43:36 EET" name="overlappedElementPageTest" finished-at="2023-01-12T22:43:37 EET" duration-ms="1082" status="PASS">
          <reporter-output>
          </reporter-output>
        </test-method> <!-- overlappedElementPageTest -->
        <test-method signature="sampleAppPageTest()[pri:0, instance:org.UITestingPlayground.tests.UiTestingPlaygroundTests@736309a9]" started-at="2023-01-12T22:43:37 EET" name="sampleAppPageTest" finished-at="2023-01-12T22:43:38 EET" duration-ms="1238" status="PASS">
          <reporter-output>
          </reporter-output>
        </test-method> <!-- sampleAppPageTest -->
        <test-method is-config="true" signature="tearDown()[pri:0, instance:org.UITestingPlayground.tests.UiTestingPlaygroundTests@736309a9]" started-at="2023-01-12T22:43:38 EET" name="tearDown" finished-at="2023-01-12T22:43:54 EET" duration-ms="16286" status="PASS">
          <reporter-output>
          </reporter-output>
        </test-method> <!-- tearDown -->
      </class> <!-- org.UITestingPlayground.tests.UiTestingPlaygroundTests -->
    </test> <!-- Surefire test -->
  </suite> <!-- Surefire suite -->
</testng-results>
