<?xml version="1.0" encoding="UTF-8"?>
<testsuite xmlns:xsi="http://www.w3.org/2001/XMLSchema-instance" xsi:noNamespaceSchemaLocation="https://maven.apache.org/surefire/maven-surefire-plugin/xsd/surefire-test-report.xsd" name="TestSuite" time="12.002" tests="5" errors="0" skipped="0" failures="0">
  <properties>
[...]
</properties>
  <testcase name="dynamicIdPage" classname="org.UITestingPlayground.tests.UiTestingPlaygroundTests" time="1.265"/>
  <testcase name="dynamicTablePageTest" classname="org.UITestingPlayground.tests.UiTestingPlaygroundTests" time="0.574"/>
  <testcase name="overlappedElementPageTest" classname="org.UITestingPlayground.tests.UiTestingPlaygroundTests" time="0.327"/>
  <testcase name="sampleAppPageTest" classname="org.UITestingPlayground.tests.UiTestingPlaygroundTests" time="0.431"/>
  <testcase name="testmethod" classname="org.UITestingPlayground.tests.UiTestingPlaygroundTests" time="0"/>
</testsuite>